# JRE version: OpenJDK Runtime Environment (11.0.15) (build 11.0.15+0-b2043.56-9505619)
# Java VM: OpenJDK 64-Bit Server VM (11.0.15+0-b2043.56-9505619, mixed mode, tiered, compressed oops, g1 gc, windows-amd64)
Heap:
 garbage-first heap   total 288768K, used 260361K [0x0000000080000000, 0x0000000100000000)
  region size 1024K, 10 young (10240K), 2 survivors (2048K)
 Metaspace       used 140888K, capacity 145112K, committed 145360K, reserved 1175552K
  class space    used 17584K, capacity 19130K, committed 19232K, reserved 1048576K
GC Heap History (20 events):
Event: 532.316 GC heap before
{Heap before GC invocations=124 (full 0):
 garbage-first heap   total 288768K, used 253916K [0x0000000080000000, 0x0000000100000000)
  region size 1024K, 24 young (24576K), 3 survivors (3072K)
 Metaspace       used 133591K, capacity 137386K, committed 137424K, reserved 1169408K
  class space    used 16554K, capacity 17952K, committed 17952K, reserved 1048576K
}
Event: 532.322 GC heap after
{Heap after GC invocations=125 (full 0):
 garbage-first heap   total 288768K, used 234026K [0x0000000080000000, 0x0000000100000000)
  region size 1024K, 2 young (2048K), 2 survivors (2048K)
 Metaspace       used 133591K, capacity 137386K, committed 137424K, reserved 1169408K
  class space    used 16554K, capacity 17952K, committed 17952K, reserved 1048576K
}
Event: 533.180 GC heap before
{Heap before GC invocations=125 (full 0):
 garbage-first heap   total 288768K, used 254506K [0x0000000080000000, 0x0000000100000000)
  region size 1024K, 23 young (23552K), 2 survivors (2048K)
 Metaspace       used 134097K, capacity 137928K, committed 138064K, reserved 1169408K
  class space    used 16621K, capacity 18003K, committed 18080K, reserved 1048576K
}
Event: 533.187 GC heap after
{Heap after GC invocations=126 (full 0):
 garbage-first heap   total 288768K, used 236357K [0x0000000080000000, 0x0000000100000000)
  region size 1024K, 3 young (3072K), 3 survivors (3072K)
 Metaspace       used 134097K, capacity 137928K, committed 138064K, reserved 1169408K
  class space    used 16621K, capacity 18003K, committed 18080K, reserved 1048576K
}
Event: 533.367 GC heap before
{Heap before GC invocations=126 (full 0):
 garbage-first heap   total 288768K, used 253765K [0x0000000080000000, 0x0000000100000000)
  region size 1024K, 21 young (21504K), 3 survivors (3072K)
 Metaspace       used 134353K, capacity 138240K, committed 138320K, reserved 1169408K
  class space    used 16651K, capacity 18043K, committed 18080K, reserved 1048576K
}
Event: 533.375 GC heap after
{Heap after GC invocations=127 (full 0):
 garbage-first heap   total 288768K, used 240914K [0x0000000080000000, 0x0000000100000000)
  region size 1024K, 3 young (3072K), 3 survivors (3072K)
 Metaspace       used 134353K, capacity 138240K, committed 138320K, reserved 1169408K
  class space    used 16651K, capacity 18043K, committed 18080K, reserved 1048576K
}
Event: 533.640 GC heap before
{Heap before GC invocations=127 (full 0):
 garbage-first heap   total 288768K, used 252178K [0x0000000080000000, 0x0000000100000000)
  region size 1024K, 15 young (15360K), 3 survivors (3072K)
 Metaspace       used 135407K, capacity 139305K, committed 139472K, reserved 1171456K
  class space    used 16789K, capacity 18207K, committed 18208K, reserved 1048576K
}
Event: 533.647 GC heap after
{Heap after GC invocations=128 (full 0):
 garbage-first heap   total 288768K, used 241389K [0x0000000080000000, 0x0000000100000000)
  region size 1024K, 2 young (2048K), 2 survivors (2048K)
 Metaspace       used 135407K, capacity 139305K, committed 139472K, reserved 1171456K
  class space    used 16789K, capacity 18207K, committed 18208K, reserved 1048576K
}
Event: 533.926 GC heap before
{Heap before GC invocations=128 (full 0):
 garbage-first heap   total 288768K, used 253677K [0x0000000080000000, 0x0000000100000000)
  region size 1024K, 14 young (14336K), 2 survivors (2048K)
 Metaspace       used 136749K, capacity 140805K, committed 141008K, reserved 1171456K
  class space    used 16973K, capacity 18424K, committed 18464K, reserved 1048576K
}
Event: 533.933 GC heap after
{Heap after GC invocations=129 (full 0):
 garbage-first heap   total 288768K, used 243269K [0x0000000080000000, 0x0000000100000000)
  region size 1024K, 2 young (2048K), 2 survivors (2048K)
 Metaspace       used 136749K, capacity 140805K, committed 141008K, reserved 1171456K
  class space    used 16973K, capacity 18424K, committed 18464K, reserved 1048576K
}
Event: 534.109 GC heap before
{Heap before GC invocations=129 (full 0):
 garbage-first heap   total 288768K, used 254533K [0x0000000080000000, 0x0000000100000000)
  region size 1024K, 14 young (14336K), 2 survivors (2048K)
 Metaspace       used 137416K, capacity 141502K, committed 141648K, reserved 1173504K
  class space    used 17062K, capacity 18517K, committed 18592K, reserved 1048576K
}
Event: 534.122 GC heap after
{Heap after GC invocations=130 (full 0):
 garbage-first heap   total 288768K, used 245110K [0x0000000080000000, 0x0000000100000000)
  region size 1024K, 2 young (2048K), 2 survivors (2048K)
 Metaspace       used 137416K, capacity 141502K, committed 141648K, reserved 1173504K
  class space    used 17062K, capacity 18517K, committed 18592K, reserved 1048576K
}
Event: 534.401 GC heap before
{Heap before GC invocations=130 (full 0):
 garbage-first heap   total 288768K, used 256374K [0x0000000080000000, 0x0000000100000000)
  region size 1024K, 14 young (14336K), 2 survivors (2048K)
 Metaspace       used 138040K, capacity 142169K, committed 142288K, reserved 1173504K
  class space    used 17152K, capacity 18650K, committed 18720K, reserved 1048576K
}
Event: 534.411 GC heap after
{Heap after GC invocations=131 (full 0):
 garbage-first heap   total 288768K, used 247436K [0x0000000080000000, 0x0000000100000000)
  region size 1024K, 2 young (2048K), 2 survivors (2048K)
 Metaspace       used 138040K, capacity 142169K, committed 142288K, reserved 1173504K
  class space    used 17152K, capacity 18650K, committed 18720K, reserved 1048576K
}
Event: 534.576 GC heap before
{Heap before GC invocations=131 (full 0):
 garbage-first heap   total 288768K, used 259724K [0x0000000080000000, 0x0000000100000000)
  region size 1024K, 14 young (14336K), 2 survivors (2048K)
 Metaspace       used 138832K, capacity 142982K, committed 143184K, reserved 1173504K
  class space    used 17250K, capacity 18758K, committed 18848K, reserved 1048576K
}
Event: 534.584 GC heap after
{Heap after GC invocations=132 (full 0):
 garbage-first heap   total 288768K, used 249671K [0x0000000080000000, 0x0000000100000000)
  region size 1024K, 2 young (2048K), 2 survivors (2048K)
 Metaspace       used 138832K, capacity 142982K, committed 143184K, reserved 1173504K
  class space    used 17250K, capacity 18758K, committed 18848K, reserved 1048576K
}
Event: 534.824 GC heap before
{Heap before GC invocations=132 (full 0):
 garbage-first heap   total 288768K, used 261959K [0x0000000080000000, 0x0000000100000000)
  region size 1024K, 14 young (14336K), 2 survivors (2048K)
 Metaspace       used 139899K, capacity 144130K, committed 144464K, reserved 1175552K
  class space    used 17444K, capacity 18992K, committed 19104K, reserved 1048576K
}
Event: 534.833 GC heap after
{Heap after GC invocations=133 (full 0):
 garbage-first heap   total 288768K, used 251239K [0x0000000080000000, 0x0000000100000000)
  region size 1024K, 2 young (2048K), 2 survivors (2048K)
 Metaspace       used 139899K, capacity 144130K, committed 144464K, reserved 1175552K
  class space    used 17444K, capacity 18992K, committed 19104K, reserved 1048576K
}
Event: 534.937 GC heap before
{Heap before GC invocations=133 (full 0):
 garbage-first heap   total 288768K, used 263527K [0x0000000080000000, 0x0000000100000000)
  region size 1024K, 14 young (14336K), 2 survivors (2048K)
 Metaspace       used 140398K, capacity 144667K, committed 144720K, reserved 1175552K
  class space    used 17533K, capacity 19089K, committed 19104K, reserved 1048576K
}
Event: 534.944 GC heap after
{Heap after GC invocations=134 (full 0):
 garbage-first heap   total 288768K, used 253193K [0x0000000080000000, 0x0000000100000000)
  region size 1024K, 2 young (2048K), 2 survivors (2048K)
 Metaspace       used 140398K, capacity 144667K, committed 144720K, reserved 1175552K
  class space    used 17533K, capacity 19089K, committed 19104K, reserved 1048576K
}

