# JRE version: OpenJDK Runtime Environment (11.0.15) (build 11.0.15+0-b2043.56-9505619)
# Java VM: OpenJDK 64-Bit Server VM (11.0.15+0-b2043.56-9505619, mixed mode, tiered, compressed oops, g1 gc, windows-amd64)
Heap:
 garbage-first heap   total 395264K, used 167874K [0x0000000080000000, 0x0000000100000000)
  region size 1024K, 7 young (7168K), 7 survivors (7168K)
 Metaspace       used 118053K, capacity 121448K, committed 121980K, reserved 1155072K
  class space    used 15120K, capacity 16419K, committed 16632K, reserved 1048576K
GC Heap History (20 events):
Event: 37.882 GC heap after
{Heap after GC invocations=42 (full 0):
 garbage-first heap   total 227328K, used 162630K [0x0000000080000000, 0x0000000100000000)
  region size 1024K, 4 young (4096K), 4 survivors (4096K)
 Metaspace       used 117550K, capacity 120921K, committed 121468K, reserved 1155072K
  class space    used 15094K, capacity 16380K, committed 16632K, reserved 1048576K
}
Event: 38.043 GC heap before
{Heap before GC invocations=43 (full 0):
 garbage-first heap   total 227328K, used 191302K [0x0000000080000000, 0x0000000100000000)
  region size 1024K, 32 young (32768K), 4 survivors (4096K)
 Metaspace       used 117605K, capacity 120989K, committed 121724K, reserved 1155072K
  class space    used 15094K, capacity 16380K, committed 16632K, reserved 1048576K
}
Event: 38.059 GC heap after
{Heap after GC invocations=44 (full 0):
 garbage-first heap   total 227328K, used 165534K [0x0000000080000000, 0x0000000100000000)
  region size 1024K, 3 young (3072K), 3 survivors (3072K)
 Metaspace       used 117605K, capacity 120989K, committed 121724K, reserved 1155072K
  class space    used 15094K, capacity 16380K, committed 16632K, reserved 1048576K
}
Event: 38.090 GC heap before
{Heap before GC invocations=44 (full 0):
 garbage-first heap   total 227328K, used 173726K [0x0000000080000000, 0x0000000100000000)
  region size 1024K, 11 young (11264K), 3 survivors (3072K)
 Metaspace       used 117623K, capacity 120989K, committed 121724K, reserved 1155072K
  class space    used 15094K, capacity 16380K, committed 16632K, reserved 1048576K
}
Event: 38.109 GC heap after
{Heap after GC invocations=45 (full 0):
 garbage-first heap   total 273408K, used 162479K [0x0000000080000000, 0x0000000100000000)
  region size 1024K, 1 young (1024K), 1 survivors (1024K)
 Metaspace       used 117623K, capacity 120989K, committed 121724K, reserved 1155072K
  class space    used 15094K, capacity 16380K, committed 16632K, reserved 1048576K
}
Event: 38.498 GC heap before
{Heap before GC invocations=45 (full 0):
 garbage-first heap   total 273408K, used 219823K [0x0000000080000000, 0x0000000100000000)
  region size 1024K, 57 young (58368K), 1 survivors (1024K)
 Metaspace       used 117681K, capacity 121153K, committed 121724K, reserved 1155072K
  class space    used 15100K, capacity 16412K, committed 16632K, reserved 1048576K
}
Event: 38.509 GC heap after
{Heap after GC invocations=46 (full 0):
 garbage-first heap   total 273408K, used 164659K [0x0000000080000000, 0x0000000100000000)
  region size 1024K, 4 young (4096K), 4 survivors (4096K)
 Metaspace       used 117681K, capacity 121153K, committed 121724K, reserved 1155072K
  class space    used 15100K, capacity 16412K, committed 16632K, reserved 1048576K
}
Event: 39.257 GC heap before
{Heap before GC invocations=47 (full 0):
 garbage-first heap   total 273408K, used 222003K [0x0000000080000000, 0x0000000100000000)
  region size 1024K, 60 young (61440K), 4 survivors (4096K)
 Metaspace       used 117757K, capacity 121227K, committed 121724K, reserved 1155072K
  class space    used 15101K, capacity 16414K, committed 16632K, reserved 1048576K
}
Event: 39.265 GC heap after
{Heap after GC invocations=48 (full 0):
 garbage-first heap   total 273408K, used 165154K [0x0000000080000000, 0x0000000100000000)
  region size 1024K, 4 young (4096K), 4 survivors (4096K)
 Metaspace       used 117757K, capacity 121227K, committed 121724K, reserved 1155072K
  class space    used 15101K, capacity 16414K, committed 16632K, reserved 1048576K
}
Event: 39.530 GC heap before
{Heap before GC invocations=48 (full 0):
 garbage-first heap   total 273408K, used 225570K [0x0000000080000000, 0x0000000100000000)
  region size 1024K, 63 young (64512K), 4 survivors (4096K)
 Metaspace       used 117807K, capacity 121233K, committed 121724K, reserved 1155072K
  class space    used 15104K, capacity 16414K, committed 16632K, reserved 1048576K
}
Event: 39.537 GC heap after
{Heap after GC invocations=49 (full 0):
 garbage-first heap   total 273408K, used 165551K [0x0000000080000000, 0x0000000100000000)
  region size 1024K, 4 young (4096K), 4 survivors (4096K)
 Metaspace       used 117807K, capacity 121233K, committed 121724K, reserved 1155072K
  class space    used 15104K, capacity 16414K, committed 16632K, reserved 1048576K
}
Event: 40.251 GC heap before
{Heap before GC invocations=49 (full 0):
 garbage-first heap   total 273408K, used 228015K [0x0000000080000000, 0x0000000100000000)
  region size 1024K, 65 young (66560K), 4 survivors (4096K)
 Metaspace       used 117848K, capacity 121303K, committed 121980K, reserved 1155072K
  class space    used 15104K, capacity 16415K, committed 16632K, reserved 1048576K
}
Event: 40.269 GC heap after
{Heap after GC invocations=50 (full 0):
 garbage-first heap   total 328704K, used 165720K [0x0000000080000000, 0x0000000100000000)
  region size 1024K, 5 young (5120K), 5 survivors (5120K)
 Metaspace       used 117848K, capacity 121303K, committed 121980K, reserved 1155072K
  class space    used 15104K, capacity 16415K, committed 16632K, reserved 1048576K
}
Event: 40.703 GC heap before
{Heap before GC invocations=51 (full 0):
 garbage-first heap   total 328704K, used 256856K [0x0000000080000000, 0x0000000100000000)
  region size 1024K, 94 young (96256K), 5 survivors (5120K)
 Metaspace       used 117875K, capacity 121304K, committed 121980K, reserved 1155072K
  class space    used 15104K, capacity 16415K, committed 16632K, reserved 1048576K
}
Event: 40.715 GC heap after
{Heap after GC invocations=52 (full 0):
 garbage-first heap   total 328704K, used 166321K [0x0000000080000000, 0x0000000100000000)
  region size 1024K, 5 young (5120K), 5 survivors (5120K)
 Metaspace       used 117875K, capacity 121304K, committed 121980K, reserved 1155072K
  class space    used 15104K, capacity 16415K, committed 16632K, reserved 1048576K
}
Event: 41.153 GC heap before
{Heap before GC invocations=52 (full 0):
 garbage-first heap   total 328704K, used 272817K [0x0000000080000000, 0x0000000100000000)
  region size 1024K, 109 young (111616K), 5 survivors (5120K)
 Metaspace       used 117983K, capacity 121378K, committed 121980K, reserved 1155072K
  class space    used 15119K, capacity 16418K, committed 16632K, reserved 1048576K
}
Event: 41.163 GC heap after
{Heap after GC invocations=53 (full 0):
 garbage-first heap   total 328704K, used 166575K [0x0000000080000000, 0x0000000100000000)
  region size 1024K, 5 young (5120K), 5 survivors (5120K)
 Metaspace       used 117983K, capacity 121378K, committed 121980K, reserved 1155072K
  class space    used 15119K, capacity 16418K, committed 16632K, reserved 1048576K
}
Event: 42.155 GC heap before
{Heap before GC invocations=54 (full 0):
 garbage-first heap   total 328704K, used 275119K [0x0000000080000000, 0x0000000100000000)
  region size 1024K, 111 young (113664K), 5 survivors (5120K)
 Metaspace       used 118021K, capacity 121448K, committed 121980K, reserved 1155072K
  class space    used 15120K, capacity 16419K, committed 16632K, reserved 1048576K
}
Event: 42.173 GC heap after
{Heap after GC invocations=55 (full 0):
 garbage-first heap   total 328704K, used 167599K [0x0000000080000000, 0x0000000100000000)
  region size 1024K, 6 young (6144K), 6 survivors (6144K)
 Metaspace       used 118021K, capacity 121448K, committed 121980K, reserved 1155072K
  class space    used 15120K, capacity 16419K, committed 16632K, reserved 1048576K
}
Event: 42.637 GC heap before
{Heap before GC invocations=55 (full 0):
 garbage-first heap   total 328704K, used 276143K [0x0000000080000000, 0x0000000100000000)
  region size 1024K, 112 young (114688K), 6 survivors (6144K)
 Metaspace       used 118053K, capacity 121448K, committed 121980K, reserved 1155072K
  class space    used 15120K, capacity 16419K, committed 16632K, reserved 1048576K
}

