# JRE version: OpenJDK Runtime Environment (11.0.15) (build 11.0.15+0-b2043.56-9505619)
# Java VM: OpenJDK 64-Bit Server VM (11.0.15+0-b2043.56-9505619, mixed mode, tiered, compressed oops, g1 gc, windows-amd64)
Heap:
 garbage-first heap   total 328704K, used 150000K [0x0000000080000000, 0x0000000100000000)
  region size 1024K, 8 young (8192K), 8 survivors (8192K)
 Metaspace       used 116210K, capacity 119576K, committed 119676K, reserved 1153024K
  class space    used 14899K, capacity 16170K, committed 16204K, reserved 1048576K
GC Heap History (20 events):
Event: 24.424 GC heap after
{Heap after GC invocations=33 (full 0):
 garbage-first heap   total 227328K, used 109866K [0x0000000080000000, 0x0000000100000000)
  region size 1024K, 1 young (1024K), 1 survivors (1024K)
 Metaspace       used 94236K, capacity 96767K, committed 97020K, reserved 1134592K
  class space    used 12008K, capacity 12935K, committed 13004K, reserved 1048576K
}
Event: 24.653 GC heap before
{Heap before GC invocations=33 (full 0):
 garbage-first heap   total 227328K, used 185642K [0x0000000080000000, 0x0000000100000000)
  region size 1024K, 75 young (76800K), 1 survivors (1024K)
 Metaspace       used 94236K, capacity 96767K, committed 97020K, reserved 1134592K
  class space    used 12008K, capacity 12935K, committed 13004K, reserved 1048576K
}
Event: 24.657 GC heap after
{Heap after GC invocations=34 (full 0):
 garbage-first heap   total 227328K, used 113298K [0x0000000080000000, 0x0000000100000000)
  region size 1024K, 3 young (3072K), 3 survivors (3072K)
 Metaspace       used 94236K, capacity 96767K, committed 97020K, reserved 1134592K
  class space    used 12008K, capacity 12935K, committed 13004K, reserved 1048576K
}
Event: 24.922 GC heap before
{Heap before GC invocations=35 (full 0):
 garbage-first heap   total 227328K, used 186002K [0x0000000080000000, 0x0000000100000000)
  region size 1024K, 76 young (77824K), 3 survivors (3072K)
 Metaspace       used 94239K, capacity 96767K, committed 97020K, reserved 1134592K
  class space    used 12008K, capacity 12935K, committed 13004K, reserved 1048576K
}
Event: 24.929 GC heap after
{Heap after GC invocations=36 (full 0):
 garbage-first heap   total 227328K, used 114532K [0x0000000080000000, 0x0000000100000000)
  region size 1024K, 4 young (4096K), 4 survivors (4096K)
 Metaspace       used 94239K, capacity 96767K, committed 97020K, reserved 1134592K
  class space    used 12008K, capacity 12935K, committed 13004K, reserved 1048576K
}
Event: 25.146 GC heap before
{Heap before GC invocations=36 (full 0):
 garbage-first heap   total 227328K, used 188260K [0x0000000080000000, 0x0000000100000000)
  region size 1024K, 77 young (78848K), 4 survivors (4096K)
 Metaspace       used 94241K, capacity 96767K, committed 97020K, reserved 1134592K
  class space    used 12008K, capacity 12935K, committed 13004K, reserved 1048576K
}
Event: 25.160 GC heap after
{Heap after GC invocations=37 (full 0):
 garbage-first heap   total 227328K, used 114701K [0x0000000080000000, 0x0000000100000000)
  region size 1024K, 4 young (4096K), 4 survivors (4096K)
 Metaspace       used 94241K, capacity 96767K, committed 97020K, reserved 1134592K
  class space    used 12008K, capacity 12935K, committed 13004K, reserved 1048576K
}
Event: 25.547 GC heap before
{Heap before GC invocations=37 (full 0):
 garbage-first heap   total 227328K, used 189453K [0x0000000080000000, 0x0000000100000000)
  region size 1024K, 78 young (79872K), 4 survivors (4096K)
 Metaspace       used 94213K, capacity 96720K, committed 97020K, reserved 1134592K
  class space    used 11998K, capacity 12918K, committed 13004K, reserved 1048576K
}
Event: 25.556 GC heap after
{Heap after GC invocations=38 (full 0):
 garbage-first heap   total 273408K, used 116177K [0x0000000080000000, 0x0000000100000000)
  region size 1024K, 6 young (6144K), 6 survivors (6144K)
 Metaspace       used 94213K, capacity 96720K, committed 97020K, reserved 1134592K
  class space    used 11998K, capacity 12918K, committed 13004K, reserved 1048576K
}
Event: 25.778 GC heap before
{Heap before GC invocations=39 (full 0):
 garbage-first heap   total 273408K, used 213457K [0x0000000080000000, 0x0000000100000000)
  region size 1024K, 102 young (104448K), 6 survivors (6144K)
 Metaspace       used 94216K, capacity 96720K, committed 97020K, reserved 1134592K
  class space    used 11998K, capacity 12918K, committed 13004K, reserved 1048576K
}
Event: 25.790 GC heap after
{Heap after GC invocations=40 (full 0):
 garbage-first heap   total 273408K, used 115650K [0x0000000080000000, 0x0000000100000000)
  region size 1024K, 7 young (7168K), 7 survivors (7168K)
 Metaspace       used 94216K, capacity 96720K, committed 97020K, reserved 1134592K
  class space    used 11998K, capacity 12918K, committed 13004K, reserved 1048576K
}
Event: 26.155 GC heap before
{Heap before GC invocations=40 (full 0):
 garbage-first heap   total 273408K, used 229314K [0x0000000080000000, 0x0000000100000000)
  region size 1024K, 119 young (121856K), 7 survivors (7168K)
 Metaspace       used 94256K, capacity 96787K, committed 97276K, reserved 1134592K
  class space    used 11998K, capacity 12918K, committed 13004K, reserved 1048576K
}
Event: 26.159 GC heap after
{Heap after GC invocations=41 (full 0):
 garbage-first heap   total 273408K, used 110158K [0x0000000080000000, 0x0000000100000000)
  region size 1024K, 2 young (2048K), 2 survivors (2048K)
 Metaspace       used 94256K, capacity 96787K, committed 97276K, reserved 1134592K
  class space    used 11998K, capacity 12918K, committed 13004K, reserved 1048576K
}
Event: 28.034 GC heap before
{Heap before GC invocations=41 (full 0):
 garbage-first heap   total 273408K, used 235086K [0x0000000080000000, 0x0000000100000000)
  region size 1024K, 125 young (128000K), 2 survivors (2048K)
 Metaspace       used 101766K, capacity 104380K, committed 104700K, reserved 1140736K
  class space    used 12932K, capacity 13883K, committed 14028K, reserved 1048576K
}
Event: 28.046 GC heap after
{Heap after GC invocations=42 (full 0):
 garbage-first heap   total 273408K, used 114964K [0x0000000080000000, 0x0000000100000000)
  region size 1024K, 6 young (6144K), 6 survivors (6144K)
 Metaspace       used 101766K, capacity 104380K, committed 104700K, reserved 1140736K
  class space    used 12932K, capacity 13883K, committed 14028K, reserved 1048576K
}
Event: 29.982 GC heap before
{Heap before GC invocations=42 (full 0):
 garbage-first heap   total 273408K, used 232724K [0x0000000080000000, 0x0000000100000000)
  region size 1024K, 122 young (124928K), 6 survivors (6144K)
 Metaspace       used 108778K, capacity 111827K, committed 111996K, reserved 1146880K
  class space    used 13932K, capacity 15047K, committed 15180K, reserved 1048576K
}
Event: 30.009 GC heap after
{Heap after GC invocations=43 (full 0):
 garbage-first heap   total 273408K, used 131718K [0x0000000080000000, 0x0000000100000000)
  region size 1024K, 16 young (16384K), 16 survivors (16384K)
 Metaspace       used 108778K, capacity 111827K, committed 111996K, reserved 1146880K
  class space    used 13932K, capacity 15047K, committed 15180K, reserved 1048576K
}
Event: 31.687 GC heap before
{Heap before GC invocations=43 (full 0):
 garbage-first heap   total 273408K, used 223878K [0x0000000080000000, 0x0000000100000000)
  region size 1024K, 107 young (109568K), 16 survivors (16384K)
 Metaspace       used 113696K, capacity 116986K, committed 117116K, reserved 1150976K
  class space    used 14682K, capacity 15925K, committed 15948K, reserved 1048576K
}
Event: 31.723 GC heap after
{Heap after GC invocations=44 (full 0):
 garbage-first heap   total 273408K, used 142272K [0x0000000080000000, 0x0000000100000000)
  region size 1024K, 14 young (14336K), 14 survivors (14336K)
 Metaspace       used 113696K, capacity 116986K, committed 117116K, reserved 1150976K
  class space    used 14682K, capacity 15925K, committed 15948K, reserved 1048576K
}
Event: 33.013 GC heap before
{Heap before GC invocations=44 (full 0):
 garbage-first heap   total 273408K, used 222144K [0x0000000080000000, 0x0000000100000000)
  region size 1024K, 92 young (94208K), 14 survivors (14336K)
 Metaspace       used 116210K, capacity 119576K, committed 119676K, reserved 1153024K
  class space    used 14899K, capacity 16170K, committed 16204K, reserved 1048576K
}

